{"G:\\ai-nexus\\src\\utils\\frontend-data.js": {"path":"G:\\ai-nexus\\src\\utils\\frontend-data.js","statementMap":{"0":{"start":{"line":14,"column":4},"end":{"line":17,"column":5}},"1":{"start":{"line":15,"column":8},"end":{"line":15,"column":63}},"2":{"start":{"line":16,"column":8},"end":{"line":16,"column":40}},"3":{"start":{"line":19,"column":4},"end":{"line":52,"column":6}},"4":{"start":{"line":59,"column":4},"end":{"line":77,"column":6}},"5":{"start":{"line":84,"column":4},"end":{"line":84,"column":57}},"6":{"start":{"line":84,"column":47},"end":{"line":84,"column":57}},"7":{"start":{"line":85,"column":4},"end":{"line":85,"column":48}},"8":{"start":{"line":85,"column":35},"end":{"line":85,"column":48}},"9":{"start":{"line":86,"column":4},"end":{"line":93,"column":5}},"10":{"start":{"line":88,"column":8},"end":{"line":92,"column":9}},"11":{"start":{"line":89,"column":12},"end":{"line":89,"column":41}},"12":{"start":{"line":91,"column":12},"end":{"line":91,"column":33}},"13":{"start":{"line":94,"column":4},"end":{"line":94,"column":25}},"14":{"start":{"line":101,"column":4},"end":{"line":101,"column":73}},"15":{"start":{"line":101,"column":41},"end":{"line":101,"column":73}},"16":{"start":{"line":104,"column":4},"end":{"line":111,"column":5}},"17":{"start":{"line":105,"column":8},"end":{"line":105,"column":21}},"18":{"start":{"line":106,"column":8},"end":{"line":106,"column":19}},"19":{"start":{"line":109,"column":8},"end":{"line":109,"column":93}},"20":{"start":{"line":109,"column":82},"end":{"line":109,"column":93}},"21":{"start":{"line":110,"column":8},"end":{"line":110,"column":40}},"22":{"start":{"line":118,"column":4},"end":{"line":118,"column":32}},"23":{"start":{"line":118,"column":16},"end":{"line":118,"column":32}},"24":{"start":{"line":119,"column":4},"end":{"line":119,"column":48}},"25":{"start":{"line":119,"column":35},"end":{"line":119,"column":48}},"26":{"start":{"line":121,"column":4},"end":{"line":126,"column":5}},"27":{"start":{"line":122,"column":8},"end":{"line":122,"column":33}},"28":{"start":{"line":124,"column":8},"end":{"line":124,"column":59}},"29":{"start":{"line":125,"column":8},"end":{"line":125,"column":24}},"30":{"start":{"line":133,"column":4},"end":{"line":133,"column":58}},"31":{"start":{"line":133,"column":33},"end":{"line":133,"column":58}},"32":{"start":{"line":134,"column":4},"end":{"line":134,"column":64}},"33":{"start":{"line":134,"column":24},"end":{"line":134,"column":64}},"34":{"start":{"line":135,"column":4},"end":{"line":135,"column":58}},"35":{"start":{"line":135,"column":21},"end":{"line":135,"column":58}},"36":{"start":{"line":136,"column":4},"end":{"line":136,"column":26}},"37":{"start":{"line":143,"column":4},"end":{"line":143,"column":38}},"38":{"start":{"line":143,"column":21},"end":{"line":143,"column":38}},"39":{"start":{"line":145,"column":4},"end":{"line":159,"column":5}},"40":{"start":{"line":146,"column":21},"end":{"line":146,"column":41}},"41":{"start":{"line":147,"column":8},"end":{"line":147,"column":52}},"42":{"start":{"line":147,"column":35},"end":{"line":147,"column":52}},"43":{"start":{"line":148,"column":20},"end":{"line":148,"column":30}},"44":{"start":{"line":149,"column":30},"end":{"line":149,"column":81}},"45":{"start":{"line":151,"column":8},"end":{"line":151,"column":50}},"46":{"start":{"line":151,"column":32},"end":{"line":151,"column":50}},"47":{"start":{"line":152,"column":8},"end":{"line":152,"column":82}},"48":{"start":{"line":152,"column":34},"end":{"line":152,"column":82}},"49":{"start":{"line":153,"column":8},"end":{"line":153,"column":85}},"50":{"start":{"line":153,"column":35},"end":{"line":153,"column":85}},"51":{"start":{"line":154,"column":8},"end":{"line":154,"column":88}},"52":{"start":{"line":154,"column":37},"end":{"line":154,"column":88}},"53":{"start":{"line":155,"column":8},"end":{"line":155,"column":92}},"54":{"start":{"line":155,"column":38},"end":{"line":155,"column":92}},"55":{"start":{"line":156,"column":8},"end":{"line":156,"column":62}},"56":{"start":{"line":158,"column":8},"end":{"line":158,"column":25}},"57":{"start":{"line":167,"column":19},"end":{"line":167,"column":21}},"58":{"start":{"line":169,"column":4},"end":{"line":169,"column":71}},"59":{"start":{"line":169,"column":45},"end":{"line":169,"column":71}},"60":{"start":{"line":170,"column":4},"end":{"line":170,"column":84}},"61":{"start":{"line":170,"column":56},"end":{"line":170,"column":84}},"62":{"start":{"line":171,"column":4},"end":{"line":171,"column":90}},"63":{"start":{"line":171,"column":60},"end":{"line":171,"column":90}},"64":{"start":{"line":172,"column":4},"end":{"line":172,"column":82}},"65":{"start":{"line":172,"column":47},"end":{"line":172,"column":82}},"66":{"start":{"line":173,"column":4},"end":{"line":173,"column":70}},"67":{"start":{"line":173,"column":41},"end":{"line":173,"column":70}},"68":{"start":{"line":174,"column":4},"end":{"line":174,"column":78}},"69":{"start":{"line":174,"column":45},"end":{"line":174,"column":78}},"70":{"start":{"line":176,"column":4},"end":{"line":176,"column":18}},"71":{"start":{"line":183,"column":4},"end":{"line":183,"column":66}},"72":{"start":{"line":183,"column":49},"end":{"line":183,"column":66}},"73":{"start":{"line":184,"column":4},"end":{"line":184,"column":40}},"74":{"start":{"line":191,"column":4},"end":{"line":191,"column":53}},"75":{"start":{"line":191,"column":43},"end":{"line":191,"column":53}},"76":{"start":{"line":192,"column":4},"end":{"line":192,"column":36}},"77":{"start":{"line":199,"column":4},"end":{"line":199,"column":39}},"78":{"start":{"line":199,"column":16},"end":{"line":199,"column":39}},"79":{"start":{"line":200,"column":4},"end":{"line":200,"column":48}},"80":{"start":{"line":207,"column":4},"end":{"line":207,"column":51}},"81":{"start":{"line":207,"column":16},"end":{"line":207,"column":51}},"82":{"start":{"line":210,"column":4},"end":{"line":212,"column":5}},"83":{"start":{"line":211,"column":8},"end":{"line":211,"column":33}},"84":{"start":{"line":215,"column":4},"end":{"line":219,"column":5}},"85":{"start":{"line":216,"column":21},"end":{"line":216,"column":52}},"86":{"start":{"line":218,"column":8},"end":{"line":218,"column":44}},"87":{"start":{"line":221,"column":4},"end":{"line":221,"column":39}},"88":{"start":{"line":228,"column":23},"end":{"line":228,"column":48}},"89":{"start":{"line":229,"column":4},"end":{"line":240,"column":6}},"90":{"start":{"line":247,"column":4},"end":{"line":247,"column":75}},"91":{"start":{"line":247,"column":65},"end":{"line":247,"column":75}},"92":{"start":{"line":249,"column":23},"end":{"line":249,"column":54}},"93":{"start":{"line":251,"column":4},"end":{"line":261,"column":33}},"94":{"start":{"line":252,"column":25},"end":{"line":252,"column":52}},"95":{"start":{"line":254,"column":30},"end":{"line":254,"column":46}},"96":{"start":{"line":255,"column":31},"end":{"line":255,"column":75}},"97":{"start":{"line":255,"column":55},"end":{"line":255,"column":74}},"98":{"start":{"line":256,"column":12},"end":{"line":256,"column":55}},"99":{"start":{"line":258,"column":24},"end":{"line":258,"column":38}},"100":{"start":{"line":259,"column":24},"end":{"line":259,"column":41}},"101":{"start":{"line":261,"column":21},"end":{"line":261,"column":31}},"102":{"start":{"line":265,"column":23},"end":{"line":265,"column":48}},"103":{"start":{"line":266,"column":23},"end":{"line":266,"column":52}},"104":{"start":{"line":267,"column":26},"end":{"line":267,"column":69}},"105":{"start":{"line":269,"column":4},"end":{"line":279,"column":6}},"106":{"start":{"line":286,"column":16},"end":{"line":291,"column":5}},"107":{"start":{"line":293,"column":4},"end":{"line":293,"column":53}},"108":{"start":{"line":296,"column":4},"end":{"line":306,"column":5}},"109":{"start":{"line":297,"column":8},"end":{"line":305,"column":9}},"110":{"start":{"line":298,"column":25},"end":{"line":298,"column":89}},"111":{"start":{"line":299,"column":12},"end":{"line":299,"column":27}},"112":{"start":{"line":301,"column":12},"end":{"line":301,"column":47}},"113":{"start":{"line":301,"column":34},"end":{"line":301,"column":47}},"114":{"start":{"line":302,"column":12},"end":{"line":302,"column":79}},"115":{"start":{"line":308,"column":4},"end":{"line":308,"column":15}}},"fnMap":{"0":{"name":"normalizeModelData","decl":{"start":{"line":13,"column":16},"end":{"line":13,"column":34}},"loc":{"start":{"line":13,"column":45},"end":{"line":53,"column":1}},"line":13},"1":{"name":"createPlaceholderModel","decl":{"start":{"line":58,"column":9},"end":{"line":58,"column":31}},"loc":{"start":{"line":58,"column":34},"end":{"line":78,"column":1}},"line":58},"2":{"name":"ensureString","decl":{"start":{"line":83,"column":9},"end":{"line":83,"column":21}},"loc":{"start":{"line":83,"column":29},"end":{"line":95,"column":1}},"line":83},"3":{"name":"validateImageUrl","decl":{"start":{"line":100,"column":9},"end":{"line":100,"column":25}},"loc":{"start":{"line":100,"column":31},"end":{"line":112,"column":1}},"line":100},"4":{"name":"parseJSONField","decl":{"start":{"line":117,"column":9},"end":{"line":117,"column":23}},"loc":{"start":{"line":117,"column":41},"end":{"line":127,"column":1}},"line":117},"5":{"name":"formatMetric","decl":{"start":{"line":132,"column":16},"end":{"line":132,"column":28}},"loc":{"start":{"line":132,"column":34},"end":{"line":137,"column":1}},"line":132},"6":{"name":"formatRelativeTime","decl":{"start":{"line":142,"column":16},"end":{"line":142,"column":34}},"loc":{"start":{"line":142,"column":47},"end":{"line":160,"column":1}},"line":142},"7":{"name":"validateModelData","decl":{"start":{"line":166,"column":16},"end":{"line":166,"column":33}},"loc":{"start":{"line":166,"column":41},"end":{"line":177,"column":1}},"line":166},"8":{"name":"generateSlug","decl":{"start":{"line":182,"column":16},"end":{"line":182,"column":28}},"loc":{"start":{"line":182,"column":38},"end":{"line":185,"column":1}},"line":182},"9":{"name":"parseSlug","decl":{"start":{"line":190,"column":16},"end":{"line":190,"column":25}},"loc":{"start":{"line":190,"column":32},"end":{"line":193,"column":1}},"line":190},"10":{"name":"getDisplayName","decl":{"start":{"line":198,"column":16},"end":{"line":198,"column":30}},"loc":{"start":{"line":198,"column":38},"end":{"line":201,"column":1}},"line":198},"11":{"name":"getBestDescription","decl":{"start":{"line":206,"column":16},"end":{"line":206,"column":34}},"loc":{"start":{"line":206,"column":42},"end":{"line":222,"column":1}},"line":206},"12":{"name":"prepareCardData","decl":{"start":{"line":227,"column":16},"end":{"line":227,"column":31}},"loc":{"start":{"line":227,"column":39},"end":{"line":241,"column":1}},"line":227},"13":{"name":"findSimilarModels","decl":{"start":{"line":246,"column":16},"end":{"line":246,"column":33}},"loc":{"start":{"line":246,"column":69},"end":{"line":262,"column":1}},"line":246},"14":{"name":"(anonymous_14)","decl":{"start":{"line":252,"column":16},"end":{"line":252,"column":21}},"loc":{"start":{"line":252,"column":25},"end":{"line":252,"column":52}},"line":252},"15":{"name":"(anonymous_15)","decl":{"start":{"line":253,"column":13},"end":{"line":253,"column":18}},"loc":{"start":{"line":253,"column":22},"end":{"line":257,"column":9}},"line":253},"16":{"name":"(anonymous_16)","decl":{"start":{"line":255,"column":48},"end":{"line":255,"column":51}},"loc":{"start":{"line":255,"column":55},"end":{"line":255,"column":74}},"line":255},"17":{"name":"(anonymous_17)","decl":{"start":{"line":258,"column":16},"end":{"line":258,"column":20}},"loc":{"start":{"line":258,"column":24},"end":{"line":258,"column":38}},"line":258},"18":{"name":"(anonymous_18)","decl":{"start":{"line":259,"column":14},"end":{"line":259,"column":15}},"loc":{"start":{"line":259,"column":24},"end":{"line":259,"column":41}},"line":259},"19":{"name":"(anonymous_19)","decl":{"start":{"line":261,"column":13},"end":{"line":261,"column":17}},"loc":{"start":{"line":261,"column":21},"end":{"line":261,"column":31}},"line":261},"20":{"name":"prepareDetailData","decl":{"start":{"line":264,"column":16},"end":{"line":264,"column":33}},"loc":{"start":{"line":264,"column":57},"end":{"line":280,"column":1}},"line":264},"21":{"name":"logDataActivity","decl":{"start":{"line":285,"column":16},"end":{"line":285,"column":31}},"loc":{"start":{"line":285,"column":60},"end":{"line":309,"column":1}},"line":285}},"branchMap":{"0":{"loc":{"start":{"line":14,"column":4},"end":{"line":17,"column":5}},"type":"if","locations":[{"start":{"line":14,"column":4},"end":{"line":17,"column":5}},{"start":{},"end":{}}],"line":14},"1":{"loc":{"start":{"line":14,"column":8},"end":{"line":14,"column":49}},"type":"binary-expr","locations":[{"start":{"line":14,"column":8},"end":{"line":14,"column":17}},{"start":{"line":14,"column":21},"end":{"line":14,"column":49}}],"line":14},"2":{"loc":{"start":{"line":21,"column":12},"end":{"line":21,"column":36}},"type":"binary-expr","locations":[{"start":{"line":21,"column":12},"end":{"line":21,"column":23}},{"start":{"line":21,"column":27},"end":{"line":21,"column":36}}],"line":21},"3":{"loc":{"start":{"line":22,"column":14},"end":{"line":22,"column":47}},"type":"binary-expr","locations":[{"start":{"line":22,"column":14},"end":{"line":22,"column":27}},{"start":{"line":22,"column":31},"end":{"line":22,"column":47}}],"line":22},"4":{"loc":{"start":{"line":23,"column":16},"end":{"line":23,"column":51}},"type":"binary-expr","locations":[{"start":{"line":23,"column":16},"end":{"line":23,"column":31}},{"start":{"line":23,"column":35},"end":{"line":23,"column":51}}],"line":23},"5":{"loc":{"start":{"line":26,"column":15},"end":{"line":26,"column":44}},"type":"binary-expr","locations":[{"start":{"line":26,"column":15},"end":{"line":26,"column":39}},{"start":{"line":26,"column":43},"end":{"line":26,"column":44}}],"line":26},"6":{"loc":{"start":{"line":27,"column":19},"end":{"line":27,"column":52}},"type":"binary-expr","locations":[{"start":{"line":27,"column":19},"end":{"line":27,"column":47}},{"start":{"line":27,"column":51},"end":{"line":27,"column":52}}],"line":27},"7":{"loc":{"start":{"line":34,"column":20},"end":{"line":34,"column":52}},"type":"binary-expr","locations":[{"start":{"line":34,"column":20},"end":{"line":34,"column":39}},{"start":{"line":34,"column":43},"end":{"line":34,"column":52}}],"line":34},"8":{"loc":{"start":{"line":35,"column":21},"end":{"line":35,"column":54}},"type":"binary-expr","locations":[{"start":{"line":35,"column":21},"end":{"line":35,"column":41}},{"start":{"line":35,"column":45},"end":{"line":35,"column":54}}],"line":35},"9":{"loc":{"start":{"line":38,"column":22},"end":{"line":38,"column":49}},"type":"binary-expr","locations":[{"start":{"line":38,"column":22},"end":{"line":38,"column":43}},{"start":{"line":38,"column":47},"end":{"line":38,"column":49}}],"line":38},"10":{"loc":{"start":{"line":39,"column":17},"end":{"line":39,"column":46}},"type":"binary-expr","locations":[{"start":{"line":39,"column":17},"end":{"line":39,"column":33}},{"start":{"line":39,"column":37},"end":{"line":39,"column":46}}],"line":39},"11":{"loc":{"start":{"line":40,"column":22},"end":{"line":40,"column":71}},"type":"binary-expr","locations":[{"start":{"line":40,"column":22},"end":{"line":40,"column":43}},{"start":{"line":40,"column":47},"end":{"line":40,"column":71}}],"line":40},"12":{"loc":{"start":{"line":84,"column":4},"end":{"line":84,"column":57}},"type":"if","locations":[{"start":{"line":84,"column":4},"end":{"line":84,"column":57}},{"start":{},"end":{}}],"line":84},"13":{"loc":{"start":{"line":84,"column":8},"end":{"line":84,"column":45}},"type":"binary-expr","locations":[{"start":{"line":84,"column":8},"end":{"line":84,"column":22}},{"start":{"line":84,"column":26},"end":{"line":84,"column":45}}],"line":84},"14":{"loc":{"start":{"line":85,"column":4},"end":{"line":85,"column":48}},"type":"if","locations":[{"start":{"line":85,"column":4},"end":{"line":85,"column":48}},{"start":{},"end":{}}],"line":85},"15":{"loc":{"start":{"line":86,"column":4},"end":{"line":93,"column":5}},"type":"if","locations":[{"start":{"line":86,"column":4},"end":{"line":93,"column":5}},{"start":{},"end":{}}],"line":86},"16":{"loc":{"start":{"line":101,"column":4},"end":{"line":101,"column":73}},"type":"if","locations":[{"start":{"line":101,"column":4},"end":{"line":101,"column":73}},{"start":{},"end":{}}],"line":101},"17":{"loc":{"start":{"line":101,"column":8},"end":{"line":101,"column":39}},"type":"binary-expr","locations":[{"start":{"line":101,"column":8},"end":{"line":101,"column":12}},{"start":{"line":101,"column":16},"end":{"line":101,"column":39}}],"line":101},"18":{"loc":{"start":{"line":109,"column":8},"end":{"line":109,"column":93}},"type":"if","locations":[{"start":{"line":109,"column":8},"end":{"line":109,"column":93}},{"start":{},"end":{}}],"line":109},"19":{"loc":{"start":{"line":109,"column":12},"end":{"line":109,"column":80}},"type":"binary-expr","locations":[{"start":{"line":109,"column":12},"end":{"line":109,"column":31}},{"start":{"line":109,"column":35},"end":{"line":109,"column":55}},{"start":{"line":109,"column":59},"end":{"line":109,"column":80}}],"line":109},"20":{"loc":{"start":{"line":118,"column":4},"end":{"line":118,"column":32}},"type":"if","locations":[{"start":{"line":118,"column":4},"end":{"line":118,"column":32}},{"start":{},"end":{}}],"line":118},"21":{"loc":{"start":{"line":119,"column":4},"end":{"line":119,"column":48}},"type":"if","locations":[{"start":{"line":119,"column":4},"end":{"line":119,"column":48}},{"start":{},"end":{}}],"line":119},"22":{"loc":{"start":{"line":133,"column":4},"end":{"line":133,"column":58}},"type":"if","locations":[{"start":{"line":133,"column":4},"end":{"line":133,"column":58}},{"start":{},"end":{}}],"line":133},"23":{"loc":{"start":{"line":133,"column":39},"end":{"line":133,"column":57}},"type":"binary-expr","locations":[{"start":{"line":133,"column":39},"end":{"line":133,"column":52}},{"start":{"line":133,"column":56},"end":{"line":133,"column":57}}],"line":133},"24":{"loc":{"start":{"line":134,"column":4},"end":{"line":134,"column":64}},"type":"if","locations":[{"start":{"line":134,"column":4},"end":{"line":134,"column":64}},{"start":{},"end":{}}],"line":134},"25":{"loc":{"start":{"line":135,"column":4},"end":{"line":135,"column":58}},"type":"if","locations":[{"start":{"line":135,"column":4},"end":{"line":135,"column":58}},{"start":{},"end":{}}],"line":135},"26":{"loc":{"start":{"line":143,"column":4},"end":{"line":143,"column":38}},"type":"if","locations":[{"start":{"line":143,"column":4},"end":{"line":143,"column":38}},{"start":{},"end":{}}],"line":143},"27":{"loc":{"start":{"line":147,"column":8},"end":{"line":147,"column":52}},"type":"if","locations":[{"start":{"line":147,"column":8},"end":{"line":147,"column":52}},{"start":{},"end":{}}],"line":147},"28":{"loc":{"start":{"line":151,"column":8},"end":{"line":151,"column":50}},"type":"if","locations":[{"start":{"line":151,"column":8},"end":{"line":151,"column":50}},{"start":{},"end":{}}],"line":151},"29":{"loc":{"start":{"line":152,"column":8},"end":{"line":152,"column":82}},"type":"if","locations":[{"start":{"line":152,"column":8},"end":{"line":152,"column":82}},{"start":{},"end":{}}],"line":152},"30":{"loc":{"start":{"line":153,"column":8},"end":{"line":153,"column":85}},"type":"if","locations":[{"start":{"line":153,"column":8},"end":{"line":153,"column":85}},{"start":{},"end":{}}],"line":153},"31":{"loc":{"start":{"line":154,"column":8},"end":{"line":154,"column":88}},"type":"if","locations":[{"start":{"line":154,"column":8},"end":{"line":154,"column":88}},{"start":{},"end":{}}],"line":154},"32":{"loc":{"start":{"line":155,"column":8},"end":{"line":155,"column":92}},"type":"if","locations":[{"start":{"line":155,"column":8},"end":{"line":155,"column":92}},{"start":{},"end":{}}],"line":155},"33":{"loc":{"start":{"line":169,"column":4},"end":{"line":169,"column":71}},"type":"if","locations":[{"start":{"line":169,"column":4},"end":{"line":169,"column":71}},{"start":{},"end":{}}],"line":169},"34":{"loc":{"start":{"line":169,"column":8},"end":{"line":169,"column":43}},"type":"binary-expr","locations":[{"start":{"line":169,"column":8},"end":{"line":169,"column":17}},{"start":{"line":169,"column":21},"end":{"line":169,"column":43}}],"line":169},"35":{"loc":{"start":{"line":170,"column":4},"end":{"line":170,"column":84}},"type":"if","locations":[{"start":{"line":170,"column":4},"end":{"line":170,"column":84}},{"start":{},"end":{}}],"line":170},"36":{"loc":{"start":{"line":170,"column":8},"end":{"line":170,"column":54}},"type":"binary-expr","locations":[{"start":{"line":170,"column":8},"end":{"line":170,"column":19}},{"start":{"line":170,"column":23},"end":{"line":170,"column":54}}],"line":170},"37":{"loc":{"start":{"line":171,"column":4},"end":{"line":171,"column":90}},"type":"if","locations":[{"start":{"line":171,"column":4},"end":{"line":171,"column":90}},{"start":{},"end":{}}],"line":171},"38":{"loc":{"start":{"line":171,"column":8},"end":{"line":171,"column":58}},"type":"binary-expr","locations":[{"start":{"line":171,"column":8},"end":{"line":171,"column":21}},{"start":{"line":171,"column":25},"end":{"line":171,"column":58}}],"line":171},"39":{"loc":{"start":{"line":172,"column":4},"end":{"line":172,"column":82}},"type":"if","locations":[{"start":{"line":172,"column":4},"end":{"line":172,"column":82}},{"start":{},"end":{}}],"line":172},"40":{"loc":{"start":{"line":173,"column":4},"end":{"line":173,"column":70}},"type":"if","locations":[{"start":{"line":173,"column":4},"end":{"line":173,"column":70}},{"start":{},"end":{}}],"line":173},"41":{"loc":{"start":{"line":174,"column":4},"end":{"line":174,"column":78}},"type":"if","locations":[{"start":{"line":174,"column":4},"end":{"line":174,"column":78}},{"start":{},"end":{}}],"line":174},"42":{"loc":{"start":{"line":183,"column":4},"end":{"line":183,"column":66}},"type":"if","locations":[{"start":{"line":183,"column":4},"end":{"line":183,"column":66}},{"start":{},"end":{}}],"line":183},"43":{"loc":{"start":{"line":183,"column":8},"end":{"line":183,"column":47}},"type":"binary-expr","locations":[{"start":{"line":183,"column":8},"end":{"line":183,"column":16}},{"start":{"line":183,"column":20},"end":{"line":183,"column":47}}],"line":183},"44":{"loc":{"start":{"line":191,"column":4},"end":{"line":191,"column":53}},"type":"if","locations":[{"start":{"line":191,"column":4},"end":{"line":191,"column":53}},{"start":{},"end":{}}],"line":191},"45":{"loc":{"start":{"line":191,"column":8},"end":{"line":191,"column":41}},"type":"binary-expr","locations":[{"start":{"line":191,"column":8},"end":{"line":191,"column":13}},{"start":{"line":191,"column":17},"end":{"line":191,"column":41}}],"line":191},"46":{"loc":{"start":{"line":199,"column":4},"end":{"line":199,"column":39}},"type":"if","locations":[{"start":{"line":199,"column":4},"end":{"line":199,"column":39}},{"start":{},"end":{}}],"line":199},"47":{"loc":{"start":{"line":200,"column":11},"end":{"line":200,"column":47}},"type":"binary-expr","locations":[{"start":{"line":200,"column":11},"end":{"line":200,"column":21}},{"start":{"line":200,"column":25},"end":{"line":200,"column":33}},{"start":{"line":200,"column":37},"end":{"line":200,"column":47}}],"line":200},"48":{"loc":{"start":{"line":207,"column":4},"end":{"line":207,"column":51}},"type":"if","locations":[{"start":{"line":207,"column":4},"end":{"line":207,"column":51}},{"start":{},"end":{}}],"line":207},"49":{"loc":{"start":{"line":210,"column":4},"end":{"line":212,"column":5}},"type":"if","locations":[{"start":{"line":210,"column":4},"end":{"line":212,"column":5}},{"start":{},"end":{}}],"line":210},"50":{"loc":{"start":{"line":210,"column":8},"end":{"line":210,"column":56}},"type":"binary-expr","locations":[{"start":{"line":210,"column":8},"end":{"line":210,"column":35}},{"start":{"line":210,"column":39},"end":{"line":210,"column":56}}],"line":210},"51":{"loc":{"start":{"line":215,"column":4},"end":{"line":219,"column":5}},"type":"if","locations":[{"start":{"line":215,"column":4},"end":{"line":219,"column":5}},{"start":{},"end":{}}],"line":215},"52":{"loc":{"start":{"line":246,"column":58},"end":{"line":246,"column":67}},"type":"default-arg","locations":[{"start":{"line":246,"column":66},"end":{"line":246,"column":67}}],"line":246},"53":{"loc":{"start":{"line":247,"column":4},"end":{"line":247,"column":75}},"type":"if","locations":[{"start":{"line":247,"column":4},"end":{"line":247,"column":75}},{"start":{},"end":{}}],"line":247},"54":{"loc":{"start":{"line":247,"column":8},"end":{"line":247,"column":63}},"type":"binary-expr","locations":[{"start":{"line":247,"column":8},"end":{"line":247,"column":20}},{"start":{"line":247,"column":24},"end":{"line":247,"column":34}},{"start":{"line":247,"column":38},"end":{"line":247,"column":63}}],"line":247},"55":{"loc":{"start":{"line":249,"column":31},"end":{"line":249,"column":53}},"type":"binary-expr","locations":[{"start":{"line":249,"column":31},"end":{"line":249,"column":47}},{"start":{"line":249,"column":51},"end":{"line":249,"column":53}}],"line":249},"56":{"loc":{"start":{"line":254,"column":30},"end":{"line":254,"column":46}},"type":"binary-expr","locations":[{"start":{"line":254,"column":30},"end":{"line":254,"column":40}},{"start":{"line":254,"column":44},"end":{"line":254,"column":46}}],"line":254},"57":{"loc":{"start":{"line":264,"column":41},"end":{"line":264,"column":55}},"type":"default-arg","locations":[{"start":{"line":264,"column":53},"end":{"line":264,"column":55}}],"line":264},"58":{"loc":{"start":{"line":285,"column":46},"end":{"line":285,"column":58}},"type":"default-arg","locations":[{"start":{"line":285,"column":54},"end":{"line":285,"column":58}}],"line":285},"59":{"loc":{"start":{"line":296,"column":4},"end":{"line":306,"column":5}},"type":"if","locations":[{"start":{"line":296,"column":4},"end":{"line":306,"column":5}},{"start":{},"end":{}}],"line":296},"60":{"loc":{"start":{"line":298,"column":36},"end":{"line":298,"column":88}},"type":"binary-expr","locations":[{"start":{"line":298,"column":36},"end":{"line":298,"column":80}},{"start":{"line":298,"column":84},"end":{"line":298,"column":88}}],"line":298},"61":{"loc":{"start":{"line":301,"column":12},"end":{"line":301,"column":47}},"type":"if","locations":[{"start":{"line":301,"column":12},"end":{"line":301,"column":47}},{"start":{},"end":{}}],"line":301}},"s":{"0":19,"1":3,"2":3,"3":16,"4":3,"5":37,"6":26,"7":11,"8":10,"9":1,"10":0,"11":0,"12":0,"13":1,"14":16,"15":9,"16":7,"17":7,"18":7,"19":4,"20":3,"21":1,"22":48,"23":44,"24":4,"25":1,"26":3,"27":3,"28":0,"29":0,"30":22,"31":4,"32":22,"33":5,"34":17,"35":17,"36":11,"37":12,"38":2,"39":10,"40":10,"41":10,"42":1,"43":9,"44":9,"45":9,"46":4,"47":5,"48":5,"49":4,"50":4,"51":3,"52":3,"53":2,"54":2,"55":2,"56":0,"57":8,"58":8,"59":3,"60":8,"61":4,"62":8,"63":5,"64":8,"65":3,"66":8,"67":4,"68":8,"69":4,"70":8,"71":9,"72":4,"73":5,"74":6,"75":3,"76":3,"77":10,"78":2,"79":8,"80":11,"81":2,"82":9,"83":1,"84":8,"85":5,"86":5,"87":3,"88":2,"89":2,"90":7,"91":0,"92":7,"93":7,"94":22,"95":18,"96":18,"97":22,"98":18,"99":18,"100":4,"101":8,"102":3,"103":3,"104":3,"105":3,"106":0,"107":0,"108":0,"109":0,"110":0,"111":0,"112":0,"113":0,"114":0,"115":0},"f":{"0":19,"1":3,"2":37,"3":16,"4":48,"5":22,"6":12,"7":8,"8":9,"9":6,"10":10,"11":11,"12":2,"13":7,"14":22,"15":18,"16":22,"17":18,"18":4,"19":8,"20":3,"21":0},"b":{"0":[3,16],"1":[19,17],"2":[16,1],"3":[19,11],"4":[19,12],"5":[19,13],"6":[19,13],"7":[19,14],"8":[19,15],"9":[19,14],"10":[19,15],"11":[19,12],"12":[26,11],"13":[37,37],"14":[10,1],"15":[0,1],"16":[9,7],"17":[16,7],"18":[3,1],"19":[4,3,2],"20":[44,4],"21":[1,3],"22":[4,18],"23":[4,3],"24":[5,17],"25":[6,11],"26":[2,10],"27":[1,9],"28":[4,5],"29":[1,4],"30":[1,3],"31":[1,2],"32":[0,2],"33":[3,5],"34":[8,6],"35":[4,4],"36":[8,6],"37":[5,3],"38":[8,5],"39":[3,5],"40":[4,4],"41":[4,4],"42":[4,5],"43":[9,6],"44":[3,3],"45":[6,3],"46":[2,8],"47":[8,2,1],"48":[2,9],"49":[1,8],"50":[9,1],"51":[5,3],"52":[7],"53":[0,7],"54":[7,7,7],"55":[7,0],"56":[18,0],"57":[3],"58":[0],"59":[0,0],"60":[0,0],"61":[0,0]},"meta":{"lastBranch":62,"lastFunction":22,"lastStatement":116,"seen":{"f:13:16:13:34":0,"b:14:4:17:5:undefined:undefined:undefined:undefined":0,"s:14:4:17:5":0,"b:14:8:14:17:14:21:14:49":1,"s:15:8:15:63":1,"s:16:8:16:40":2,"s:19:4:52:6":3,"b:21:12:21:23:21:27:21:36":2,"b:22:14:22:27:22:31:22:47":3,"b:23:16:23:31:23:35:23:51":4,"b:26:15:26:39:26:43:26:44":5,"b:27:19:27:47:27:51:27:52":6,"b:34:20:34:39:34:43:34:52":7,"b:35:21:35:41:35:45:35:54":8,"b:38:22:38:43:38:47:38:49":9,"b:39:17:39:33:39:37:39:46":10,"b:40:22:40:43:40:47:40:71":11,"f:58:9:58:31":1,"s:59:4:77:6":4,"f:83:9:83:21":2,"b:84:4:84:57:undefined:undefined:undefined:undefined":12,"s:84:4:84:57":5,"b:84:8:84:22:84:26:84:45":13,"s:84:47:84:57":6,"b:85:4:85:48:undefined:undefined:undefined:undefined":14,"s:85:4:85:48":7,"s:85:35:85:48":8,"b:86:4:93:5:undefined:undefined:undefined:undefined":15,"s:86:4:93:5":9,"s:88:8:92:9":10,"s:89:12:89:41":11,"s:91:12:91:33":12,"s:94:4:94:25":13,"f:100:9:100:25":3,"b:101:4:101:73:undefined:undefined:undefined:undefined":16,"s:101:4:101:73":14,"b:101:8:101:12:101:16:101:39":17,"s:101:41:101:73":15,"s:104:4:111:5":16,"s:105:8:105:21":17,"s:106:8:106:19":18,"b:109:8:109:93:undefined:undefined:undefined:undefined":18,"s:109:8:109:93":19,"b:109:12:109:31:109:35:109:55:109:59:109:80":19,"s:109:82:109:93":20,"s:110:8:110:40":21,"f:117:9:117:23":4,"b:118:4:118:32:undefined:undefined:undefined:undefined":20,"s:118:4:118:32":22,"s:118:16:118:32":23,"b:119:4:119:48:undefined:undefined:undefined:undefined":21,"s:119:4:119:48":24,"s:119:35:119:48":25,"s:121:4:126:5":26,"s:122:8:122:33":27,"s:124:8:124:59":28,"s:125:8:125:24":29,"f:132:16:132:28":5,"b:133:4:133:58:undefined:undefined:undefined:undefined":22,"s:133:4:133:58":30,"s:133:33:133:58":31,"b:133:39:133:52:133:56:133:57":23,"b:134:4:134:64:undefined:undefined:undefined:undefined":24,"s:134:4:134:64":32,"s:134:24:134:64":33,"b:135:4:135:58:undefined:undefined:undefined:undefined":25,"s:135:4:135:58":34,"s:135:21:135:58":35,"s:136:4:136:26":36,"f:142:16:142:34":6,"b:143:4:143:38:undefined:undefined:undefined:undefined":26,"s:143:4:143:38":37,"s:143:21:143:38":38,"s:145:4:159:5":39,"s:146:21:146:41":40,"b:147:8:147:52:undefined:undefined:undefined:undefined":27,"s:147:8:147:52":41,"s:147:35:147:52":42,"s:148:20:148:30":43,"s:149:30:149:81":44,"b:151:8:151:50:undefined:undefined:undefined:undefined":28,"s:151:8:151:50":45,"s:151:32:151:50":46,"b:152:8:152:82:undefined:undefined:undefined:undefined":29,"s:152:8:152:82":47,"s:152:34:152:82":48,"b:153:8:153:85:undefined:undefined:undefined:undefined":30,"s:153:8:153:85":49,"s:153:35:153:85":50,"b:154:8:154:88:undefined:undefined:undefined:undefined":31,"s:154:8:154:88":51,"s:154:37:154:88":52,"b:155:8:155:92:undefined:undefined:undefined:undefined":32,"s:155:8:155:92":53,"s:155:38:155:92":54,"s:156:8:156:62":55,"s:158:8:158:25":56,"f:166:16:166:33":7,"s:167:19:167:21":57,"b:169:4:169:71:undefined:undefined:undefined:undefined":33,"s:169:4:169:71":58,"b:169:8:169:17:169:21:169:43":34,"s:169:45:169:71":59,"b:170:4:170:84:undefined:undefined:undefined:undefined":35,"s:170:4:170:84":60,"b:170:8:170:19:170:23:170:54":36,"s:170:56:170:84":61,"b:171:4:171:90:undefined:undefined:undefined:undefined":37,"s:171:4:171:90":62,"b:171:8:171:21:171:25:171:58":38,"s:171:60:171:90":63,"b:172:4:172:82:undefined:undefined:undefined:undefined":39,"s:172:4:172:82":64,"s:172:47:172:82":65,"b:173:4:173:70:undefined:undefined:undefined:undefined":40,"s:173:4:173:70":66,"s:173:41:173:70":67,"b:174:4:174:78:undefined:undefined:undefined:undefined":41,"s:174:4:174:78":68,"s:174:45:174:78":69,"s:176:4:176:18":70,"f:182:16:182:28":8,"b:183:4:183:66:undefined:undefined:undefined:undefined":42,"s:183:4:183:66":71,"b:183:8:183:16:183:20:183:47":43,"s:183:49:183:66":72,"s:184:4:184:40":73,"f:190:16:190:25":9,"b:191:4:191:53:undefined:undefined:undefined:undefined":44,"s:191:4:191:53":74,"b:191:8:191:13:191:17:191:41":45,"s:191:43:191:53":75,"s:192:4:192:36":76,"f:198:16:198:30":10,"b:199:4:199:39:undefined:undefined:undefined:undefined":46,"s:199:4:199:39":77,"s:199:16:199:39":78,"s:200:4:200:48":79,"b:200:11:200:21:200:25:200:33:200:37:200:47":47,"f:206:16:206:34":11,"b:207:4:207:51:undefined:undefined:undefined:undefined":48,"s:207:4:207:51":80,"s:207:16:207:51":81,"b:210:4:212:5:undefined:undefined:undefined:undefined":49,"s:210:4:212:5":82,"b:210:8:210:35:210:39:210:56":50,"s:211:8:211:33":83,"b:215:4:219:5:undefined:undefined:undefined:undefined":51,"s:215:4:219:5":84,"s:216:21:216:52":85,"s:218:8:218:44":86,"s:221:4:221:39":87,"f:227:16:227:31":12,"s:228:23:228:48":88,"s:229:4:240:6":89,"f:246:16:246:33":13,"b:246:66:246:67":52,"b:247:4:247:75:undefined:undefined:undefined:undefined":53,"s:247:4:247:75":90,"b:247:8:247:20:247:24:247:34:247:38:247:63":54,"s:247:65:247:75":91,"s:249:23:249:54":92,"b:249:31:249:47:249:51:249:53":55,"s:251:4:261:33":93,"f:252:16:252:21":14,"s:252:25:252:52":94,"f:253:13:253:18":15,"s:254:30:254:46":95,"b:254:30:254:40:254:44:254:46":56,"s:255:31:255:75":96,"f:255:48:255:51":16,"s:255:55:255:74":97,"s:256:12:256:55":98,"f:258:16:258:20":17,"s:258:24:258:38":99,"f:259:14:259:15":18,"s:259:24:259:41":100,"f:261:13:261:17":19,"s:261:21:261:31":101,"f:264:16:264:33":20,"b:264:53:264:55":57,"s:265:23:265:48":102,"s:266:23:266:52":103,"s:267:26:267:69":104,"s:269:4:279:6":105,"f:285:16:285:31":21,"b:285:54:285:58":58,"s:286:16:291:5":106,"s:293:4:293:53":107,"b:296:4:306:5:undefined:undefined:undefined:undefined":59,"s:296:4:306:5":108,"s:297:8:305:9":109,"s:298:25:298:89":110,"b:298:36:298:80:298:84:298:88":60,"s:299:12:299:27":111,"b:301:12:301:47:undefined:undefined:undefined:undefined":61,"s:301:12:301:47":112,"s:301:34:301:47":113,"s:302:12:302:79":114,"s:308:4:308:15":115}}}
}
